<?xml version="1.0" encoding="utf-8"?><testsuites name="pytest tests"><testsuite name="pytest" errors="2" failures="0" skipped="0" tests="28" time="13.281" timestamp="2026-08-17T03:21:55.128314+00:00" hostname="agent-env-714ac844-0412-4973-85d5-ce9476103842"><testcase classname="" name="tests.test_iteration2" time="0.000"><error message="collection failure">tests/test_iteration2.py:11: in &lt;module&gt;
    BASE_URL = os.environ.get("REACT_APP_BACKEND_URL").rstrip("/")
               ^^^^^^^^^^^^^^^^^^^^^^^^^^^^^^^^^^^^^^^^^^^^^^
E   AttributeError: 'NoneType' object has no attribute 'rstrip'</error><error message="collection failure">tests/test_iteration2.py:11: in &lt;module&gt;
    BASE_URL = os.environ.get("REACT_APP_BACKEND_URL").rstrip("/")
               ^^^^^^^^^^^^^^^^^^^^^^^^^^^^^^^^^^^^^^^^^^^^^^
E   AttributeError: 'NoneType' object has no attribute 'rstrip'</error></testcase><testcase classname="tests.backend_test.TestAuth" name="test_me_no_auth" time="0.242" /><testcase classname="tests.backend_test.TestTransactions" name="test_paid_sale_increases_cash_and_revenue" time="0.542" /><testcase classname="tests.backend_test.TestAuth" name="test_me_bearer" time="0.110" /><testcase classname="tests.backend_test.TestAuth" name="test_me_cookie" time="0.109" /><testcase classname="tests.backend_test.TestAuth" name="test_me_invalid_token" time="0.111" /><testcase classname="tests.backend_test.TestTransactions" name="test_unpaid_sale_creates_receivable" time="0.310" /><testcase classname="tests.backend_test.TestReports" name="test_pnl" time="0.055" /><testcase classname="tests.backend_test.TestReports" name="test_cashflow" time="0.054" /><testcase classname="tests.backend_test.TestReports" name="test_export_csv" time="0.060" /><testcase classname="tests.backend_test.TestBusiness" name="test_get_seeded_business" time="0.054" /><testcase classname="tests.backend_test.TestBusiness" name="test_duplicate_business_create_blocked" time="0.052" /><testcase classname="tests.backend_test.TestTransactions" name="test_transfer_does_not_change_profit" time="0.373" /><testcase classname="tests.backend_test.TestDashboard" name="test_summary" time="0.058" /><testcase classname="tests.backend_test.TestDashboard" name="test_alerts" time="0.061" /><testcase classname="tests.backend_test.TestReceivablesPayables" name="test_list_receivables" time="0.054" /><testcase classname="tests.backend_test.TestReceivablesPayables" name="test_list_payables" time="0.054" /><testcase classname="tests.backend_test.TestProducts" name="test_list_products" time="0.051" /><testcase classname="tests.backend_test.TestProducts" name="test_create_update_delete_product" time="0.256" /><testcase classname="tests.backend_test.TestTransactions" name="test_owner_withdrawal_reduces_cash_not_profit" time="0.440" /><testcase classname="tests.backend_test.TestTransactions" name="test_expense_reduces_cash" time="0.237" /><testcase classname="tests.backend_test.TestTransactions" name="test_delete_reverses_effects" time="0.348" /><testcase classname="tests.backend_test.TestSecurityIsolation" name="test_user2_cannot_read_user1_transaction" time="0.653" /><testcase classname="tests.backend_test.TestSecurityIsolation" name="test_user2_cannot_delete_user1_transaction" time="0.233" /><testcase classname="tests.backend_test.TestTransactions" name="test_list_transactions" time="0.060" /><testcase classname="tests.backend_test.TestAccounts" name="test_list_accounts" time="0.095" /><testcase classname="tests.backend_test.TestAssistant" name="test_chat_grounded_response" time="10.334" /></testsuite></testsuites>