<?xml version="1.0" encoding="utf-8"?><testsuites name="pytest tests"><testsuite name="pytest" errors="0" failures="3" skipped="0" tests="26" time="13.402" timestamp="2026-08-17T03:20:45.395742+00:00" hostname="agent-env-714ac844-0412-4973-85d5-ce9476103842"><testcase classname="tests.backend_test.TestAuth" name="test_me_no_auth" time="0.241" /><testcase classname="tests.backend_test.TestTransactions" name="test_paid_sale_increases_cash_and_revenue" time="0.520" /><testcase classname="tests.backend_test.TestAuth" name="test_me_bearer" time="0.183" /><testcase classname="tests.backend_test.TestAuth" name="test_me_cookie" time="0.131" /><testcase classname="tests.backend_test.TestTransactions" name="test_unpaid_sale_creates_receivable" time="0.145"><failure message="assert 2 == (2 + 1)">tests/backend_test.py:166: in test_unpaid_sale_creates_receivable
    assert post == pre + 1
E   assert 2 == (2 + 1)</failure></testcase><testcase classname="tests.backend_test.TestAuth" name="test_me_invalid_token" time="0.103" /><testcase classname="tests.backend_test.TestReports" name="test_pnl" time="0.055" /><testcase classname="tests.backend_test.TestTransactions" name="test_transfer_does_not_change_profit" time="0.333" /><testcase classname="tests.backend_test.TestReports" name="test_cashflow" time="0.049" /><testcase classname="tests.backend_test.TestReports" name="test_export_csv" time="0.057" /><testcase classname="tests.backend_test.TestBusiness" name="test_get_seeded_business" time="0.046" /><testcase classname="tests.backend_test.TestBusiness" name="test_duplicate_business_create_blocked" time="0.093" /><testcase classname="tests.backend_test.TestDashboard" name="test_summary" time="0.055" /><testcase classname="tests.backend_test.TestTransactions" name="test_owner_withdrawal_reduces_cash_not_profit" time="0.412" /><testcase classname="tests.backend_test.TestDashboard" name="test_alerts" time="0.062" /><testcase classname="tests.backend_test.TestReceivablesPayables" name="test_list_receivables" time="0.052"><failure message="AssertionError: assert (200 == 200 and False)&#10; +  where 200 = &lt;Response [200]&gt;.status_code&#10; +  and   False = isinstance({'total_outstanding': 428500.0, 'items': [{'id': 'rec_aa146f7b68', 'business_id': 'biz_6920d0adc7', 'customer': 'TEST_Cust', 'reference': None, ...}, {'id': 'rec_038c94ea83', 'business_id': 'biz_6920d0adc7', 'customer': 'Bu Wati', 'reference': None, ...}, {'id': 'rec_bf0e764d76', 'business_id': 'biz_6920d0adc7', 'customer': 'Kantin Sebelah', 'reference': None, ...}, {'id': 'rec_cb54e1d830', 'business_id': 'biz_6920d0adc7', 'customer': 'Rina', 'reference': None, ...}, {'id': 'rec_1f1befdec2', 'business_id': 'biz_6920d0adc7', 'customer': 'Pak Budi', 'reference': None, ...}, {'id': 'rec_f0c4291694', 'business_id': 'biz_6920d0adc7', 'customer': 'Lisa Catering', 'reference': None, ...}, ...]}, list)&#10; +    where {'total_outstanding': 428500.0, 'items': [{'id': 'rec_aa146f7b68', 'business_id': 'biz_6920d0adc7', 'customer': 'TEST_Cust', 'reference': None, ...}, {'id': 'rec_038c94ea83', 'business_id': 'biz_6920d0adc7', 'customer': 'Bu Wati', 'reference': None, ...}, {'id': 'rec_bf0e764d76', 'business_id': 'biz_6920d0adc7', 'customer': 'Kantin Sebelah', 'reference': None, ...}, {'id': 'rec_cb54e1d830', 'business_id': 'biz_6920d0adc7', 'customer': 'Rina', 'reference': None, ...}, {'id': 'rec_1f1befdec2', 'business_id': 'biz_6920d0adc7', 'customer': 'Pak Budi', 'reference': None, ...}, {'id': 'rec_f0c4291694', 'business_id': 'biz_6920d0adc7', 'customer': 'Lisa Catering', 'reference': None, ...}, ...]} = json()&#10; +      where json = &lt;Response [200]&gt;.json">tests/backend_test.py:247: in test_list_receivables
    assert r.status_code == 200 and isinstance(r.json(), list)
E   AssertionError: assert (200 == 200 and False)
E    +  where 200 = &lt;Response [200]&gt;.status_code
E    +  and   False = isinstance({'total_outstanding': 428500.0, 'items': [{'id': 'rec_aa146f7b68', 'business_id': 'biz_6920d0adc7', 'customer': 'TEST_Cust', 'reference': None, ...}, {'id': 'rec_038c94ea83', 'business_id': 'biz_6920d0adc7', 'customer': 'Bu Wati', 'reference': None, ...}, {'id': 'rec_bf0e764d76', 'business_id': 'biz_6920d0adc7', 'customer': 'Kantin Sebelah', 'reference': None, ...}, {'id': 'rec_cb54e1d830', 'business_id': 'biz_6920d0adc7', 'customer': 'Rina', 'reference': None, ...}, {'id': 'rec_1f1befdec2', 'business_id': 'biz_6920d0adc7', 'customer': 'Pak Budi', 'reference': None, ...}, {'id': 'rec_f0c4291694', 'business_id': 'biz_6920d0adc7', 'customer': 'Lisa Catering', 'reference': None, ...}, ...]}, list)
E    +    where {'total_outstanding': 428500.0, 'items': [{'id': 'rec_aa146f7b68', 'business_id': 'biz_6920d0adc7', 'customer': 'TEST_Cust', 'reference': None, ...}, {'id': 'rec_038c94ea83', 'business_id': 'biz_6920d0adc7', 'customer': 'Bu Wati', 'reference': None, ...}, {'id': 'rec_bf0e764d76', 'business_id': 'biz_6920d0adc7', 'customer': 'Kantin Sebelah', 'reference': None, ...}, {'id': 'rec_cb54e1d830', 'business_id': 'biz_6920d0adc7', 'customer': 'Rina', 'reference': None, ...}, {'id': 'rec_1f1befdec2', 'business_id': 'biz_6920d0adc7', 'customer': 'Pak Budi', 'reference': None, ...}, {'id': 'rec_f0c4291694', 'business_id': 'biz_6920d0adc7', 'customer': 'Lisa Catering', 'reference': None, ...}, ...]} = json()
E    +      where json = &lt;Response [200]&gt;.json</failure></testcase><testcase classname="tests.backend_test.TestReceivablesPayables" name="test_list_payables" time="0.050"><failure message="AssertionError: assert (200 == 200 and False)&#10; +  where 200 = &lt;Response [200]&gt;.status_code&#10; +  and   False = isinstance({'total_outstanding': 1169000, 'items': [{'id': 'pay_3d60c32708', 'business_id': 'biz_6920d0adc7', 'supplier': 'Toko Sembako Untung', 'reference': None, ...}, {'id': 'pay_2951533ca0', 'business_id': 'biz_6920d0adc7', 'supplier': 'Agen Ayam Segar', 'reference': None, ...}, {'id': 'pay_aa599dc70a', 'business_id': 'biz_6920d0adc7', 'supplier': 'Distributor Beras Makmur', 'reference': None, ...}, {'id': 'pay_ce52e57029', 'business_id': 'biz_6920d0adc7', 'supplier': 'Agen Ayam Segar', 'reference': None, ...}, {'id': 'pay_48d1a30906', 'business_id': 'biz_6920d0adc7', 'supplier': 'Toko Sembako Untung', 'reference': None, ...}]}, list)&#10; +    where {'total_outstanding': 1169000, 'items': [{'id': 'pay_3d60c32708', 'business_id': 'biz_6920d0adc7', 'supplier': 'Toko Sembako Untung', 'reference': None, ...}, {'id': 'pay_2951533ca0', 'business_id': 'biz_6920d0adc7', 'supplier': 'Agen Ayam Segar', 'reference': None, ...}, {'id': 'pay_aa599dc70a', 'business_id': 'biz_6920d0adc7', 'supplier': 'Distributor Beras Makmur', 'reference': None, ...}, {'id': 'pay_ce52e57029', 'business_id': 'biz_6920d0adc7', 'supplier': 'Agen Ayam Segar', 'reference': None, ...}, {'id': 'pay_48d1a30906', 'business_id': 'biz_6920d0adc7', 'supplier': 'Toko Sembako Untung', 'reference': None, ...}]} = json()&#10; +      where json = &lt;Response [200]&gt;.json">tests/backend_test.py:251: in test_list_payables
    assert r.status_code == 200 and isinstance(r.json(), list)
E   AssertionError: assert (200 == 200 and False)
E    +  where 200 = &lt;Response [200]&gt;.status_code
E    +  and   False = isinstance({'total_outstanding': 1169000, 'items': [{'id': 'pay_3d60c32708', 'business_id': 'biz_6920d0adc7', 'supplier': 'Toko Sembako Untung', 'reference': None, ...}, {'id': 'pay_2951533ca0', 'business_id': 'biz_6920d0adc7', 'supplier': 'Agen Ayam Segar', 'reference': None, ...}, {'id': 'pay_aa599dc70a', 'business_id': 'biz_6920d0adc7', 'supplier': 'Distributor Beras Makmur', 'reference': None, ...}, {'id': 'pay_ce52e57029', 'business_id': 'biz_6920d0adc7', 'supplier': 'Agen Ayam Segar', 'reference': None, ...}, {'id': 'pay_48d1a30906', 'business_id': 'biz_6920d0adc7', 'supplier': 'Toko Sembako Untung', 'reference': None, ...}]}, list)
E    +    where {'total_outstanding': 1169000, 'items': [{'id': 'pay_3d60c32708', 'business_id': 'biz_6920d0adc7', 'supplier': 'Toko Sembako Untung', 'reference': None, ...}, {'id': 'pay_2951533ca0', 'business_id': 'biz_6920d0adc7', 'supplier': 'Agen Ayam Segar', 'reference': None, ...}, {'id': 'pay_aa599dc70a', 'business_id': 'biz_6920d0adc7', 'supplier': 'Distributor Beras Makmur', 'reference': None, ...}, {'id': 'pay_ce52e57029', 'business_id': 'biz_6920d0adc7', 'supplier': 'Agen Ayam Segar', 'reference': None, ...}, {'id': 'pay_48d1a30906', 'business_id': 'biz_6920d0adc7', 'supplier': 'Toko Sembako Untung', 'reference': None, ...}]} = json()
E    +      where json = &lt;Response [200]&gt;.json</failure></testcase><testcase classname="tests.backend_test.TestProducts" name="test_list_products" time="0.051" /><testcase classname="tests.backend_test.TestProducts" name="test_create_update_delete_product" time="0.279" /><testcase classname="tests.backend_test.TestTransactions" name="test_expense_reduces_cash" time="0.246" /><testcase classname="tests.backend_test.TestTransactions" name="test_delete_reverses_effects" time="0.318" /><testcase classname="tests.backend_test.TestTransactions" name="test_list_transactions" time="0.048" /><testcase classname="tests.backend_test.TestAssistant" name="test_chat_grounded_response" time="10.818" /><testcase classname="tests.backend_test.TestSecurityIsolation" name="test_user2_cannot_read_user1_transaction" time="0.667" /><testcase classname="tests.backend_test.TestSecurityIsolation" name="test_user2_cannot_delete_user1_transaction" time="0.149" /><testcase classname="tests.backend_test.TestAccounts" name="test_list_accounts" time="0.048" /></testsuite></testsuites>