<?xml version="1.0" encoding="utf-8"?><testsuites name="pytest tests"><testsuite name="pytest" errors="0" failures="0" skipped="0" tests="26" time="10.738" timestamp="2026-08-17T02:50:02.997665+00:00" hostname="agent-env-714ac844-0412-4973-85d5-ce9476103842"><testcase classname="tests.backend_test.TestAuth" name="test_me_no_auth" time="0.308" /><testcase classname="tests.backend_test.TestTransactions" name="test_paid_sale_increases_cash_and_revenue" time="0.616" /><testcase classname="tests.backend_test.TestAuth" name="test_me_bearer" time="0.132" /><testcase classname="tests.backend_test.TestAuth" name="test_me_cookie" time="0.108" /><testcase classname="tests.backend_test.TestAuth" name="test_me_invalid_token" time="0.179" /><testcase classname="tests.backend_test.TestTransactions" name="test_unpaid_sale_creates_receivable" time="0.295" /><testcase classname="tests.backend_test.TestReports" name="test_pnl" time="0.055" /><testcase classname="tests.backend_test.TestReports" name="test_cashflow" time="0.055" /><testcase classname="tests.backend_test.TestReports" name="test_export_csv" time="0.069" /><testcase classname="tests.backend_test.TestBusiness" name="test_get_seeded_business" time="0.052" /><testcase classname="tests.backend_test.TestTransactions" name="test_transfer_does_not_change_profit" time="0.376" /><testcase classname="tests.backend_test.TestBusiness" name="test_duplicate_business_create_blocked" time="0.052" /><testcase classname="tests.backend_test.TestDashboard" name="test_summary" time="0.061" /><testcase classname="tests.backend_test.TestDashboard" name="test_alerts" time="0.062" /><testcase classname="tests.backend_test.TestReceivablesPayables" name="test_list_receivables" time="0.053" /><testcase classname="tests.backend_test.TestReceivablesPayables" name="test_list_payables" time="0.055" /><testcase classname="tests.backend_test.TestProducts" name="test_list_products" time="0.055" /><testcase classname="tests.backend_test.TestTransactions" name="test_owner_withdrawal_reduces_cash_not_profit" time="0.440" /><testcase classname="tests.backend_test.TestProducts" name="test_create_update_delete_product" time="0.297" /><testcase classname="tests.backend_test.TestTransactions" name="test_expense_reduces_cash" time="0.285" /><testcase classname="tests.backend_test.TestTransactions" name="test_delete_reverses_effects" time="0.311" /><testcase classname="tests.backend_test.TestSecurityIsolation" name="test_user2_cannot_read_user1_transaction" time="0.658" /><testcase classname="tests.backend_test.TestSecurityIsolation" name="test_user2_cannot_delete_user1_transaction" time="0.211" /><testcase classname="tests.backend_test.TestTransactions" name="test_list_transactions" time="0.067" /><testcase classname="tests.backend_test.TestAssistant" name="test_chat_grounded_response" time="7.811" /><testcase classname="tests.backend_test.TestAccounts" name="test_list_accounts" time="0.412" /></testsuite></testsuites>